<?xml version="1.0" encoding="UTF-8"?>
<testng-results ignored="0" total="2" passed="2" failed="0" skipped="0">
  <reporter-output>
  </reporter-output>
  <suite started-at="2023-08-02T14:26:08 IST" name="Default suite" finished-at="2023-08-02T14:26:09 IST" duration-ms="94">
    <groups>
      <group name="reg1">
        <method signature="TestNGListerner.loginbyemail()[pri:0, instance:listeners.TestNGListerner@79b06cab]" name="loginbyemail" class="listeners.TestNGListerner"/>
      </group> <!-- reg1 -->
      <group name="reg2">
        <method signature="TestNGListerner.loginbyfacebook()[pri:0, instance:listeners.TestNGListerner@79b06cab]" name="loginbyfacebook" class="listeners.TestNGListerner"/>
      </group> <!-- reg2 -->
    </groups>
    <test started-at="2023-08-02T14:26:08 IST" name="Default test" finished-at="2023-08-02T14:26:09 IST" duration-ms="94">
      <class name="listeners.TestNGListerner">
        <test-method signature="loginbyemail()[pri:0, instance:listeners.TestNGListerner@79b06cab]" started-at="2023-08-02T14:26:09 IST" name="loginbyemail" finished-at="2023-08-02T14:26:09 IST" duration-ms="21" status="PASS">
          <reporter-output>
          </reporter-output>
        </test-method> <!-- loginbyemail -->
        <test-method signature="loginbyfacebook()[pri:0, instance:listeners.TestNGListerner@79b06cab]" started-at="2023-08-02T14:26:09 IST" name="loginbyfacebook" finished-at="2023-08-02T14:26:09 IST" duration-ms="3" status="PASS">
          <reporter-output>
          </reporter-output>
        </test-method> <!-- loginbyfacebook -->
      </class> <!-- listeners.TestNGListerner -->
    </test> <!-- Default test -->
  </suite> <!-- Default suite -->
</testng-results>
